<?xml version="1.0" encoding="UTF-8"?>
<!-- Generated by org.testng.reporters.JUnitReportReporter -->
<testsuite hostname="A_Device" failures="0" tests="2" name="selenium.AnnotationExaple" time="0.004" errors="0" timestamp="2023-08-26T12:46:11 PDT" skipped="0">
  <testcase classname="selenium.AnnotationExaple" name="aloginTest" time="0.003"/>
  <testcase classname="selenium.AnnotationExaple" name="blogoutTest" time="0.001"/>
</testsuite> <!-- selenium.AnnotationExaple -->
