<?xml version="1.0" encoding="UTF-8"?>
<!-- Generated by org.testng.reporters.JUnitReportReporter -->
<testsuite hostname="A_Device" failures="0" tests="5" name="test.ContactsTest" time="15.282" errors="0" timestamp="2023-09-15T09:10:05 PDT" skipped="0">
  <testcase classname="test.ContactsTest" name="TastCase25" time="8.348"/>
  <testcase classname="test.ContactsTest" name="TestCase28" time="0.869"/>
  <testcase classname="test.ContactsTest" name="TestCase29" time="1.456"/>
  <testcase classname="test.ContactsTest" name="TestCase30" time="2.062"/>
  <testcase classname="test.ContactsTest" name="TestCase31" time="2.547"/>
</testsuite> <!-- test.ContactsTest -->
