<?xml version="1.0" encoding="UTF-8"?>
<!-- Generated by org.testng.reporters.JUnitReportReporter -->
<testsuite hostname="A_Device" failures="0" tests="1" name="selenium.ListenersDemo" time="4.124" errors="0" timestamp="2023-09-30T12:23:14 PDT" skipped="0">
  <testcase classname="selenium.ListenersDemo" name="test01" time="4.124"/>
</testsuite> <!-- selenium.ListenersDemo -->
