<?xml version="1.0" encoding="UTF-8"?>
<!-- Generated by org.testng.reporters.JUnitReportReporter -->
<testsuite hostname="A_Device" failures="0" tests="1" name="salesforceAutomation.TestCase12" time="24.116" errors="0" timestamp="2023-09-04T09:06:04 PDT" skipped="0">
  <testcase classname="salesforceAutomation.TestCase12" name="loginTest" time="24.116"/>
</testsuite> <!-- salesforceAutomation.TestCase12 -->
