<?xml version="1.0" encoding="UTF-8"?>
<!-- Generated by org.testng.reporters.JUnitReportReporter -->
<testsuite hostname="A_Device" failures="0" tests="1" name="apitests.LoginTest" time="3.405" errors="0" timestamp="2023-09-20T22:55:08 PDT" skipped="0">
  <testcase classname="apitests.LoginTest" name="LoginTC" time="3.405"/>
</testsuite> <!-- apitests.LoginTest -->
