<?xml version="1.0" encoding="UTF-8"?>
<!-- Generated by org.testng.reporters.JUnitReportReporter -->
<testsuite hostname="A_Device" failures="0" tests="1" name="salesforceAutomation.TestCase18" time="11.927" errors="0" timestamp="2023-08-23T21:20:03 PDT" skipped="0">
  <testcase classname="salesforceAutomation.TestCase18" name="loginTest" time="11.927"/>
</testsuite> <!-- salesforceAutomation.TestCase18 -->
