<?xml version="1.0" encoding="UTF-8"?>
<!-- Generated by org.testng.reporters.JUnitReportReporter -->
<testsuite hostname="A_Device" failures="0" tests="1" name="salesforceAutomation.TestCase17" time="16.011" errors="0" timestamp="2023-08-23T21:16:10 PDT" skipped="0">
  <testcase classname="salesforceAutomation.TestCase17" name="loginTest" time="16.011"/>
</testsuite> <!-- salesforceAutomation.TestCase17 -->
