<?xml version="1.0" encoding="UTF-8"?>
<!-- Generated by org.testng.reporters.JUnitReportReporter -->
<testsuite hostname="A_Device" failures="0" tests="1" name="salesforceAutomation.TestCase22" time="16.630" errors="0" timestamp="2023-08-25T23:01:58 PDT" skipped="0">
  <testcase classname="salesforceAutomation.TestCase22" name="testing" time="16.630"/>
</testsuite> <!-- salesforceAutomation.TestCase22 -->
