<?xml version="1.0" encoding="UTF-8"?>
<!-- Generated by org.testng.reporters.JUnitReportReporter -->
<testsuite hostname="A_Device" failures="0" tests="1" name="salesforceAutomation.TestCase33" time="16.899" errors="0" timestamp="2023-08-27T18:09:10 PDT" skipped="0">
  <testcase classname="salesforceAutomation.TestCase33" name="testing" time="16.899"/>
</testsuite> <!-- salesforceAutomation.TestCase33 -->
