<?xml version="1.0" encoding="UTF-8"?>
<!-- Generated by org.testng.reporters.JUnitReportReporter -->
<testsuite hostname="A_Device" failures="0" tests="1" name="test.RandomScenariosTest" time="17.706" errors="0" timestamp="2023-09-15T21:15:37 PDT" skipped="0">
  <testcase classname="test.RandomScenariosTest" name="TestCase37" time="17.706"/>
</testsuite> <!-- test.RandomScenariosTest -->
