<?xml version="1.0" encoding="UTF-8"?>
<!-- Generated by org.testng.reporters.JUnitReportReporter -->
<testsuite hostname="A_Device" failures="0" tests="1" name="test.AccountTest" time="3.470" errors="0" timestamp="2023-09-15T21:33:34 PDT" skipped="0">
  <testcase classname="test.AccountTest" name="TestCase14" time="3.470"/>
</testsuite> <!-- test.AccountTest -->
