<?xml version="1.0" encoding="UTF-8"?>
<!-- Generated by org.testng.reporters.JUnitReportReporter -->
<testsuite hostname="A_Device" failures="0" tests="1" name="salesforceAutomation.TestCase15" time="16.681" errors="0" timestamp="2023-08-23T22:19:31 PDT" skipped="0">
  <testcase classname="salesforceAutomation.TestCase15" name="loginTest" time="16.681"/>
</testsuite> <!-- salesforceAutomation.TestCase15 -->
