<?xml version="1.0" encoding="UTF-8"?>
<!-- Generated by org.testng.reporters.JUnitReportReporter -->
<testsuite hostname="A_Device" failures="0" tests="5" name="test.LeadsTest" time="14.033" errors="0" timestamp="2023-09-15T09:06:29 PDT" skipped="0">
  <testcase classname="test.LeadsTest" name="TestCase21" time="2.165"/>
  <testcase classname="test.LeadsTest" name="TestCase20" time="0.452"/>
  <testcase classname="test.LeadsTest" name="TastCase22" time="5.774"/>
  <testcase classname="test.LeadsTest" name="TestCase23" time="1.107"/>
  <testcase classname="test.LeadsTest" name="TestCase24" time="4.535"/>
</testsuite> <!-- test.LeadsTest -->
