<?xml version="1.0" encoding="UTF-8"?>
<!-- Generated by org.testng.reporters.JUnitReportReporter -->
<testsuite hostname="A_Device" failures="0" tests="1" name="salesforceAutomation.TestCase13" time="27.492" errors="0" timestamp="2023-09-05T07:59:24 PDT" skipped="0">
  <testcase classname="salesforceAutomation.TestCase13" name="loginTest" time="27.492"/>
</testsuite> <!-- salesforceAutomation.TestCase13 -->
