<?xml version="1.0" encoding="UTF-8"?>
<!-- Generated by org.testng.reporters.JUnitReportReporter -->
<testsuite hostname="A_Device" failures="0" tests="4" name="test.OpportunityTest" time="16.668" errors="0" timestamp="2023-09-15T09:03:41 PDT" skipped="0">
  <testcase classname="test.OpportunityTest" name="TestCase15" time="7.593"/>
  <testcase classname="test.OpportunityTest" name="TestCase16" time="4.997"/>
  <testcase classname="test.OpportunityTest" name="TestCase17" time="1.478"/>
  <testcase classname="test.OpportunityTest" name="TestCase18" time="2.600"/>
</testsuite> <!-- test.OpportunityTest -->
