<?xml version="1.0" encoding="UTF-8"?>
<!-- Generated by org.testng.reporters.JUnitReportReporter -->
<testsuite hostname="A_Device" failures="0" tests="2" name="salesforceAutomation.TestCase28" time="0.007" errors="0" timestamp="2023-09-26T20:41:19 PDT" skipped="0">
  <testcase classname="salesforceAutomation.TestCase28" name="aloginTest" time="0.006"/>
  <testcase classname="salesforceAutomation.TestCase28" name="bconviewTest" time="0.001"/>
</testsuite> <!-- salesforceAutomation.TestCase28 -->
