<?xml version="1.0" encoding="UTF-8"?>
<!-- Generated by org.testng.reporters.JUnitReportReporter -->
<testsuite hostname="A_Device" failures="0" tests="1" name="salesforceAutomation.TestCase27" time="12.442" errors="0" timestamp="2023-08-27T16:39:40 PDT" skipped="0">
  <testcase classname="salesforceAutomation.TestCase27" name="LoginTest" time="12.442"/>
</testsuite> <!-- salesforceAutomation.TestCase27 -->
