<?xml version="1.0" encoding="UTF-8"?>
<!-- Generated by org.testng.reporters.JUnitReportReporter -->
<testsuite hostname="A_Device" failures="0" tests="1" name="salesforceAutomation.TestCase19" time="19.188" errors="0" timestamp="2023-08-25T16:47:05 PDT" skipped="0">
  <testcase classname="salesforceAutomation.TestCase19" name="loginTest" time="19.188"/>
</testsuite> <!-- salesforceAutomation.TestCase19 -->
